info: ::1 - - [09/May/2024:05:52:15 +0000] "GET /api/v1/ HTTP/1.1" 200 9 "-" "Mozilla/5.0 (Windows NT 10.0; Win64; x64) AppleWebKit/537.36 (KHTML, like Gecko) Chrome/124.0.0.0 Safari/537.36"

info: ::1 - - [09/May/2024:05:52:15 +0000] "GET /favicon.ico HTTP/1.1" 404 47 "-" "Mozilla/5.0 (Windows NT 10.0; Win64; x64) AppleWebKit/537.36 (KHTML, like Gecko) Chrome/124.0.0.0 Safari/537.36"

info: ::1 - - [09/May/2024:05:53:13 +0000] "GET /api/v1/users HTTP/1.1" 200 65 "-" "Mozilla/5.0 (Windows NT 10.0; Win64; x64) AppleWebKit/537.36 (KHTML, like Gecko) Chrome/124.0.0.0 Safari/537.36"

info: ::1 - - [09/May/2024:06:09:28 +0000] "POST /api/v1/users HTTP/1.1" 201 213 "-" "PostmanRuntime/7.36.3"

info: ::1 - - [09/May/2024:06:12:58 +0000] "GET /api/v1/users HTTP/1.1" 200 220 "-" "PostmanRuntime/7.36.3"

info: ::1 - - [09/May/2024:06:15:20 +0000] "GET /api/v1/users HTTP/1.1" 200 220 "-" "PostmanRuntime/7.36.3"

info: ::1 - - [09/May/2024:06:16:01 +0000] "POST /api/v1/users HTTP/1.1" 201 213 "-" "PostmanRuntime/7.36.3"

info: ::1 - - [09/May/2024:06:20:15 +0000] "POST /api/v1/users HTTP/1.1" 500 90 "-" "PostmanRuntime/7.36.3"

info: ::1 - - [09/May/2024:06:22:16 +0000] "POST /api/v1/users HTTP/1.1" 500 66 "-" "PostmanRuntime/7.36.3"

info: ::1 - - [09/May/2024:06:22:24 +0000] "POST /api/v1/users HTTP/1.1" 201 212 "-" "PostmanRuntime/7.36.3"

info: ::1 - - [09/May/2024:06:25:13 +0000] "POST /api/v1/users HTTP/1.1" - - "-" "PostmanRuntime/7.36.3"

info: ::1 - - [09/May/2024:06:25:43 +0000] "POST /api/v1/users HTTP/1.1" 201 212 "-" "PostmanRuntime/7.36.3"

info: ::1 - - [09/May/2024:06:26:23 +0000] "GET /api/v1/users HTTP/1.1" 200 686 "-" "PostmanRuntime/7.36.3"

info: ::1 - - [09/May/2024:06:26:50 +0000] "GET /api/v1/users/1 HTTP/1.1" 400 56 "-" "PostmanRuntime/7.36.3"

info: ::1 - - [09/May/2024:06:41:47 +0000] "POST /api/v1/users HTTP/1.1" 500 109 "-" "PostmanRuntime/7.36.3"

info: ::1 - - [09/May/2024:06:42:39 +0000] "POST /api/v1/users HTTP/1.1" 500 109 "-" "PostmanRuntime/7.36.3"

info: ::1 - - [09/May/2024:06:51:57 +0000] "POST /api/v1/users HTTP/1.1" 500 58 "-" "PostmanRuntime/7.36.3"

info: ::1 - - [09/May/2024:06:52:49 +0000] "POST /api/v1/users HTTP/1.1" 201 212 "-" "PostmanRuntime/7.36.3"

info: ::1 - - [09/May/2024:06:52:55 +0000] "POST /api/v1/users HTTP/1.1" 201 212 "-" "PostmanRuntime/7.36.3"

info: ::1 - - [09/May/2024:06:53:32 +0000] "POST /api/v1/users HTTP/1.1" 500 54 "-" "PostmanRuntime/7.36.3"

info: ::1 - - [09/May/2024:06:58:21 +0000] "POST /api/v1/users HTTP/1.1" 500 56 "-" "PostmanRuntime/7.36.3"

info: ::1 - - [09/May/2024:06:59:00 +0000] "POST /api/v1/users HTTP/1.1" 500 54 "-" "PostmanRuntime/7.36.3"

info: ::1 - - [09/May/2024:06:59:19 +0000] "POST /api/v1/users HTTP/1.1" 500 54 "-" "PostmanRuntime/7.36.3"

info: ::1 - - [09/May/2024:07:00:15 +0000] "POST /api/v1/users HTTP/1.1" 500 54 "-" "PostmanRuntime/7.36.3"

info: ::1 - - [09/May/2024:07:01:36 +0000] "POST /api/v1/users HTTP/1.1" 201 60 "-" "PostmanRuntime/7.36.3"

info: ::1 - - [09/May/2024:07:01:57 +0000] "POST /api/v1/users HTTP/1.1" 201 60 "-" "PostmanRuntime/7.36.3"

info: ::1 - - [09/May/2024:07:01:58 +0000] "POST /api/v1/users HTTP/1.1" 201 60 "-" "PostmanRuntime/7.36.3"

info: ::1 - - [09/May/2024:07:03:37 +0000] "POST /api/v1/users HTTP/1.1" 500 58 "-" "PostmanRuntime/7.36.3"

info: ::1 - - [09/May/2024:07:03:38 +0000] "POST /api/v1/users HTTP/1.1" 500 58 "-" "PostmanRuntime/7.36.3"

info: ::1 - - [09/May/2024:07:08:15 +0000] "POST /api/v1/users HTTP/1.1" 409 58 "-" "PostmanRuntime/7.36.3"

info: ::1 - - [09/May/2024:07:11:05 +0000] "POST /api/v1/users HTTP/1.1" 409 58 "-" "PostmanRuntime/7.36.3"

info: ::1 - - [09/May/2024:07:11:07 +0000] "POST /api/v1/users HTTP/1.1" 409 58 "-" "PostmanRuntime/7.36.3"

info: ::1 - - [09/May/2024:07:11:10 +0000] "POST /api/v1/users HTTP/1.1" 409 58 "-" "PostmanRuntime/7.36.3"

info: ::1 - - [09/May/2024:07:11:17 +0000] "POST /api/v1/users HTTP/1.1" 409 58 "-" "PostmanRuntime/7.36.3"

info: ::1 - - [09/May/2024:07:11:38 +0000] "POST /api/v1/users HTTP/1.1" 409 58 "-" "PostmanRuntime/7.36.3"

info: ::1 - - [09/May/2024:07:12:35 +0000] "POST /api/v1/users HTTP/1.1" 409 58 "-" "PostmanRuntime/7.36.3"

info: ::1 - - [09/May/2024:07:13:07 +0000] "POST /api/v1/users HTTP/1.1" 500 54 "-" "PostmanRuntime/7.36.3"

info: ::1 - - [09/May/2024:07:13:17 +0000] "POST /api/v1/users HTTP/1.1" 201 210 "-" "PostmanRuntime/7.36.3"

info: ::1 - - [09/May/2024:07:13:51 +0000] "POST /api/v1/users HTTP/1.1" 409 58 "-" "PostmanRuntime/7.36.3"

info: ::1 - - [09/May/2024:07:13:58 +0000] "POST /api/v1/users HTTP/1.1" 409 58 "-" "PostmanRuntime/7.36.3"

info: ::1 - - [09/May/2024:07:19:01 +0000] "POST /api/v1/users HTTP/1.1" 201 217 "-" "PostmanRuntime/7.36.3"

info: ::1 - - [09/May/2024:07:19:06 +0000] "POST /api/v1/users HTTP/1.1" 201 217 "-" "PostmanRuntime/7.36.3"

info: ::1 - - [09/May/2024:07:19:11 +0000] "POST /api/v1/users HTTP/1.1" 201 218 "-" "PostmanRuntime/7.36.3"

info: ::1 - - [09/May/2024:07:19:38 +0000] "POST /api/v1/users HTTP/1.1" 201 213 "-" "PostmanRuntime/7.36.3"

info: ::1 - - [09/May/2024:07:19:42 +0000] "POST /api/v1/users HTTP/1.1" 201 213 "-" "PostmanRuntime/7.36.3"

info: ::1 - - [09/May/2024:07:19:55 +0000] "POST /api/v1/users HTTP/1.1" 409 58 "-" "PostmanRuntime/7.36.3"

info: ::1 - - [09/May/2024:07:19:57 +0000] "POST /api/v1/users HTTP/1.1" 409 58 "-" "PostmanRuntime/7.36.3"

info: ::1 - - [09/May/2024:07:20:04 +0000] "POST /api/v1/users HTTP/1.1" 409 58 "-" "PostmanRuntime/7.36.3"

info: ::1 - - [09/May/2024:07:20:06 +0000] "POST /api/v1/users HTTP/1.1" 409 58 "-" "PostmanRuntime/7.36.3"

info: ::1 - - [09/May/2024:07:25:08 +0000] "POST /api/v1/users HTTP/1.1" 500 54 "-" "PostmanRuntime/7.36.3"

info: ::1 - - [09/May/2024:07:28:57 +0000] "POST /api/v1/users HTTP/1.1" 500 96 "-" "PostmanRuntime/7.36.3"

info: ::1 - - [09/May/2024:07:29:05 +0000] "POST /api/v1/users HTTP/1.1" 500 96 "-" "PostmanRuntime/7.36.3"

info: ::1 - - [09/May/2024:07:30:17 +0000] "POST /api/v1/users HTTP/1.1" 500 96 "-" "PostmanRuntime/7.36.3"

info: ::1 - - [09/May/2024:07:30:34 +0000] "POST /api/v1/users HTTP/1.1" 201 218 "-" "PostmanRuntime/7.36.3"

info: ::1 - - [09/May/2024:07:30:38 +0000] "POST /api/v1/users HTTP/1.1" 500 54 "-" "PostmanRuntime/7.36.3"

info: ::1 - - [09/May/2024:07:30:41 +0000] "POST /api/v1/users HTTP/1.1" 500 54 "-" "PostmanRuntime/7.36.3"

info: ::1 - - [09/May/2024:07:31:26 +0000] "POST /api/v1/users HTTP/1.1" 409 58 "-" "PostmanRuntime/7.36.3"

info: ::1 - - [09/May/2024:07:31:27 +0000] "POST /api/v1/users HTTP/1.1" 409 58 "-" "PostmanRuntime/7.36.3"

info: ::1 - - [09/May/2024:07:31:32 +0000] "POST /api/v1/users HTTP/1.1" 201 222 "-" "PostmanRuntime/7.36.3"

info: ::1 - - [09/May/2024:07:31:33 +0000] "POST /api/v1/users HTTP/1.1" 409 58 "-" "PostmanRuntime/7.36.3"

info: ::1 - - [09/May/2024:07:48:54 +0000] "GET /api/v1/users/1 HTTP/1.1" 500 54 "-" "PostmanRuntime/7.36.3"

info: ::1 - - [09/May/2024:07:49:14 +0000] "GET /api/v1/users/1 HTTP/1.1" 200 213 "-" "PostmanRuntime/7.36.3"

info: ::1 - - [09/May/2024:07:49:19 +0000] "GET /api/v1/users/50 HTTP/1.1" 500 67 "-" "PostmanRuntime/7.36.3"

info: ::1 - - [09/May/2024:07:50:27 +0000] "GET /api/v1/users/50 HTTP/1.1" 500 78 "-" "PostmanRuntime/7.36.3"

info: ::1 - - [09/May/2024:07:52:36 +0000] "GET /api/v1/users/50 HTTP/1.1" 409 78 "-" "PostmanRuntime/7.36.3"

info: ::1 - - [09/May/2024:07:52:46 +0000] "GET /api/v1/users/1 HTTP/1.1" 200 213 "-" "PostmanRuntime/7.36.3"

info: ::1 - - [09/May/2024:07:52:51 +0000] "GET /api/v1/users/10 HTTP/1.1" 200 218 "-" "PostmanRuntime/7.36.3"

info: ::1 - - [09/May/2024:07:59:41 +0000] "PUT /api/v1/users/10 HTTP/1.1" 202 132 "-" "PostmanRuntime/7.36.3"

info: ::1 - - [09/May/2024:07:59:47 +0000] "PUT /api/v1/users/50 HTTP/1.1" 202 44 "-" "PostmanRuntime/7.36.3"

